0 info it worked if it ends with ok
1 verbose cli [ 'D:\\software\\dev\\nodejs\\node.exe',
1 verbose cli   'C:\\Users\\qianlu\\AppData\\Roaming\\npm\\node_modules\\npm\\bin\\npm-cli.js',
1 verbose cli   'start' ]
2 info using npm@3.10.6
3 info using node@v8.9.1
4 verbose run-script [ 'prestart', 'start', 'poststart' ]
5 info lifecycle socket-chat-example@1.0.0~prestart: socket-chat-example@1.0.0
6 silly lifecycle socket-chat-example@1.0.0~prestart: no script for prestart, continuing
7 info lifecycle socket-chat-example@1.0.0~start: socket-chat-example@1.0.0
8 verbose lifecycle socket-chat-example@1.0.0~start: unsafe-perm in lifecycle true
9 verbose lifecycle socket-chat-example@1.0.0~start: PATH: C:\Users\qianlu\AppData\Roaming\npm\node_modules\npm\bin\node-gyp-bin;D:\worklog\MyGitRep\ioChat\04_addNewFetures - Room\node_modules\.bin;D:\software\dev\python27\;D:\software\dev\python27\Scripts;C:\ProgramData\Oracle\Java\javapath;C:\Ruby23-x64\bin;C:\Program Files (x86)\Intel\iCLS Client\;C:\Program Files\Intel\iCLS Client\;C:\Windows\system32;C:\Windows;C:\Windows\System32\Wbem;C:\Windows\System32\WindowsPowerShell\v1.0\;C:\Program Files (x86)\ATI Technologies\ATI.ACE\Core-Static;C:\Program Files\Intel\Intel(R) Management Engine Components\DAL;C:\Program Files\Intel\Intel(R) Management Engine Components\IPT;C:\Program Files (x86)\Intel\Intel(R) Management Engine Components\DAL;C:\Program Files (x86)\Intel\Intel(R) Management Engine Components\IPT;D:\software\proTools\Git\cmd;C:\Users\qianlu\AppData\Roaming\npm;%JAVA_HOME%\bin;%JAVA_HOME%\jre\bin;%MAVEN_HOME%\bin;D:\software\dev\Java\jdk1.8.0\bin;D:\software\dev\apache-maven-3.0.2\bin;D:\software\dev\jdk6u10\bin;C:\Program Files\TortoiseSVN\bin;D:\software\dev\Git\cmd;D:\software\dev\Git\mingw64\bin;D:\software\dev\Git\usr\bin;D:\software\dev\nodejs\;D:\software\dev\PuTTY\;D:\software\dev\Fiddler;D:\software\dev\Microsoft VS Code\bin;C:\Users\qianlu\AppData\Roaming\npm
10 verbose lifecycle socket-chat-example@1.0.0~start: CWD: D:\worklog\MyGitRep\ioChat\04_addNewFetures - Room
11 silly lifecycle socket-chat-example@1.0.0~start: Args: [ '/d /s /c', 'nodemon server.js' ]
12 silly lifecycle socket-chat-example@1.0.0~start: Returned: code: 3221225786  signal: null
13 info lifecycle socket-chat-example@1.0.0~start: Failed to exec start script
14 verbose stack Error: socket-chat-example@1.0.0 start: `nodemon server.js`
14 verbose stack Exit status 3221225786
14 verbose stack     at EventEmitter.<anonymous> (C:\Users\qianlu\AppData\Roaming\npm\node_modules\npm\lib\utils\lifecycle.js:255:16)
14 verbose stack     at emitTwo (events.js:126:13)
14 verbose stack     at EventEmitter.emit (events.js:214:7)
14 verbose stack     at ChildProcess.<anonymous> (C:\Users\qianlu\AppData\Roaming\npm\node_modules\npm\lib\utils\spawn.js:40:14)
14 verbose stack     at emitTwo (events.js:126:13)
14 verbose stack     at ChildProcess.emit (events.js:214:7)
14 verbose stack     at maybeClose (internal/child_process.js:925:16)
14 verbose stack     at Process.ChildProcess._handle.onexit (internal/child_process.js:209:5)
15 verbose pkgid socket-chat-example@1.0.0
16 verbose cwd D:\worklog\MyGitRep\ioChat\04_addNewFetures - Room
17 error Windows_NT 6.1.7601
18 error argv "D:\\software\\dev\\nodejs\\node.exe" "C:\\Users\\qianlu\\AppData\\Roaming\\npm\\node_modules\\npm\\bin\\npm-cli.js" "start"
19 error node v8.9.1
20 error npm  v3.10.6
21 error code ELIFECYCLE
22 error socket-chat-example@1.0.0 start: `nodemon server.js`
22 error Exit status 3221225786
23 error Failed at the socket-chat-example@1.0.0 start script 'nodemon server.js'.
23 error Make sure you have the latest version of node.js and npm installed.
23 error If you do, this is most likely a problem with the socket-chat-example package,
23 error not with npm itself.
23 error Tell the author that this fails on your system:
23 error     nodemon server.js
23 error You can get information on how to open an issue for this project with:
23 error     npm bugs socket-chat-example
23 error Or if that isn't available, you can get their info via:
23 error     npm owner ls socket-chat-example
23 error There is likely additional logging output above.
24 verbose exit [ 1, true ]
